This is pdfTeX, Version 3.14159265-2.6-1.40.21 (MiKTeX 20.11) (preloaded format=pdflatex 2020.11.26)  21 JUL 2021 08:41
entering extended mode
**"c:/Users/rieme/Documents/Universität/FSR/O-Phase 2021/Einladung_2021/Nominierung.tex"
("c:/Users/rieme/Documents/Universität/FSR/O-Phase 2021/Einladung_2021/Nominierung.tex"
LaTeX2e <2020-10-01> patch level 2
L3 programming layer <2020-10-27> xparse <2020-03-03> ("c:/Users\rieme\Documents\Universität\FSR\O-Phase 2021\Einladung_2021\tucletter2019.cls"
Document Class: tucletter2019 2020/05/26
("C:\Users\rieme\AppData\Local\Programs\MiKTeX 2.9\tex/latex/koma-script\scrlttr2.cls"
Document Class: scrlttr2 2020/09/21 v3.32 KOMA-Script document class (letter)
("C:\Users\rieme\AppData\Local\Programs\MiKTeX 2.9\tex/latex/koma-script\scrkbase.sty"
Package: scrkbase 2020/09/21 v3.32 KOMA-Script package (KOMA-Script-dependent basics and keyval usage)
 ("C:\Users\rieme\AppData\Local\Programs\MiKTeX 2.9\tex/latex/koma-script\scrbase.sty"
Package: scrbase 2020/09/21 v3.32 KOMA-Script package (KOMA-Script-independent basics and keyval usage)
 ("C:\Users\rieme\AppData\Local\Programs\MiKTeX 2.9\tex/latex/koma-script\scrlfile.sty"
Package: scrlfile 2020/09/21 v3.32 KOMA-Script package (file load hooks)
 ("C:\Users\rieme\AppData\Local\Programs\MiKTeX 2.9\tex/latex/koma-script\scrlfile-hook.sty"
Package: scrlfile-hook 2020/09/21 v3.32 KOMA-Script package (using LaTeX hooks)

LaTeX3 Info: Defining command \BeforeFile with sig. 'm' on line 61.


LaTeX3 Info: Defining command \AfterFile with sig. 'm' on line 65.


LaTeX3 Info: Defining command \BeforeClass with sig. 'm' on line 69.


LaTeX3 Info: Defining command \BeforePackage with sig. 'm' on line 73.


LaTeX3 Info: Defining command \AfterAtEndOfClass with sig. 'smo+m' on line 83.


LaTeX3 Info: Defining command \AfterAtEndOfPackage with sig. 'smo+m' on line
(LaTeX3)     93.


LaTeX3 Info: Defining command \scrlfile@AfterClass with sig. 'smo+m' on line
(LaTeX3)     173.


LaTeX3 Info: Defining command \AfterClass with sig. '' on line 174.


LaTeX3 Info: Defining command \scrlfile@AfterPackage with sig. 'smo+m' on line
(LaTeX3)     191.


LaTeX3 Info: Defining command \AfterPackage with sig. '' on line 192.


LaTeX3 Info: Defining command \ReplaceInput with sig. '' on line 193.


LaTeX3 Info: Defining command \ReplaceClass with sig. 'mm' on line 196.


LaTeX3 Info: Defining command \ReplacePackage with sig. 'mm' on line 199.


LaTeX3 Info: Defining command \UnReplaceInput with sig. '' on line 200.


LaTeX3 Info: Defining command \UnReplaceClass with sig. 'm' on line 203.


LaTeX3 Info: Defining command \UnReplacePackage with sig. 'mm' on line 206.


LaTeX3 Info: Defining command \PreventPackageFromLoading with sig. 's+om' on
(LaTeX3)     line 234.


LaTeX3 Info: Defining command \StorePreventPackageFromLoading with sig. 'm' on
(LaTeX3)     line 242.


LaTeX3 Info: Defining command \ResetPreventPackageFromLoading with sig. '' on
(LaTeX3)     line 247.


LaTeX3 Info: Defining command \UnPreventPackageFromLoading with sig. 'sm' on
(LaTeX3)     line 261.


LaTeX3 Info: Defining command \BeforeClosingMainAux with sig. 'om' on line
(LaTeX3)     274.


LaTeX3 Info: Defining command \AfterReadingMainAux with sig. 'om' on line 287.


LaTeX3 Info: Defining command \protected@immediate@write with sig. 'm+m+m' on
(LaTeX3)     line 298.

 ("C:\Users\rieme\AppData\Local\Programs\MiKTeX 2.9\tex/latex/koma-script\scrlogo.sty"
Package: scrlogo 2020/09/21 v3.32 KOMA-Script package (logo)
))) ("C:\Users\rieme\AppData\Local\Programs\MiKTeX 2.9\tex/latex/graphics\keyval.sty"
Package: keyval 2014/10/28 v1.15 key=value parser (DPC)
\KV@toks@=\toks15
)))
Class scrlttr2 Info: You've used standard option `oneside'.
(scrlttr2)           This is correct!
(scrlttr2)           Internally I'm using `twoside=false'.
(scrlttr2)           If you'd like to set the option with \KOMAoptions,
(scrlttr2)           you'd have to use `twoside=false' there
(scrlttr2)           instead of `oneside', too.
Class scrlttr2 Info: You've used standard option `oneside'.
(scrlttr2)           This is correct!
(scrlttr2)           Internally I'm using `twoside=false'.
(scrlttr2)           If you'd like to set the option with \KOMAoptions,
(scrlttr2)           you'd have to use `twoside=false' there
(scrlttr2)           instead of `oneside', too.
Class scrlttr2 Info: File `scrsize11pt.clo' used to setup font sizes on input line 1898.
 ("C:\Users\rieme\AppData\Local\Programs\MiKTeX 2.9\tex/latex/koma-script\scrsize11pt.clo"
File: scrsize11pt.clo 2020/09/21 v3.32 KOMA-Script font size class option (11pt)
) ("C:\Users\rieme\AppData\Local\Programs\MiKTeX 2.9\tex/latex/koma-script\typearea.sty"
Package: typearea 2020/09/21 v3.32 KOMA-Script package (type area)
\ta@bcor=\skip47
\ta@div=\count175
\ta@hblk=\skip48
\ta@vblk=\skip49
\ta@temp=\skip50
\footheight=\skip51
Package typearea Info: These are the values describing the layout:
(typearea)             DIV  = 10
(typearea)             BCOR = 0.0pt
(typearea)             \paperwidth      = 597.50793pt
(typearea)              \textwidth      = 418.25555pt
(typearea)              DIV departure   = -6%
(typearea)              \evensidemargin = 17.3562pt
(typearea)              \oddsidemargin  = 17.3562pt
(typearea)             \paperheight     = 845.04694pt
(typearea)              \textheight     = 595.80026pt
(typearea)              \topmargin      = -25.16531pt
(typearea)              \headheight     = 17.0pt
(typearea)              \headsep        = 20.40001pt
(typearea)              \topskip        = 11.0pt
(typearea)              \footskip       = 47.6pt
(typearea)              \baselineskip   = 13.6pt
(typearea)              on input line 1740.
)
\c@letter=\count176
)
Class scrlttr2 Info: Letter-Class-Option `DIN' loaded on input line 89.
 ("C:\Users\rieme\AppData\Local\Programs\MiKTeX 2.9\tex/latex/koma-script\DIN.lco"
File: DIN.lco 2020/09/21 v3.32 KOMA-Script letter-class-option
)
Class scrlttr2 Info: Letter-Class-Option `tucletter2019' loaded on input line 89.
 ("c:/Users\rieme\Documents\Universität\FSR\O-Phase 2021\Einladung_2021\tucletter2019.lco"
File: tucletter2019.lco 2019/02/26 LaTeX2e unsupported letter-class-option
)
Class scrlttr2 Info: Letter-Class-Option `nkz' loaded on input line 89.
 ("c:/Users\rieme\Documents\Universität\FSR\O-Phase 2021\Einladung_2021\nkz.lco"
File: nkz.lco 
)
Class scrlttr2 Info: Letter-Class-Option `einrichtung' loaded on input line 89.
 ("c:/Users\rieme\Documents\Universität\FSR\O-Phase 2021\Einladung_2021\einrichtung.lco"
File: einrichtung.lco 
) ("C:\Users\rieme\AppData\Local\Programs\MiKTeX 2.9\tex/latex/etex-pkg\etex.sty"
Package: etex 2016/08/01 v2.7 eTeX basic definition package (PEB,DPC)
\et@xins=\count177
) ("C:\Users\rieme\AppData\Local\Programs\MiKTeX 2.9\tex/latex/geometry\geometry.sty"
Package: geometry 2020/01/02 v5.9 Page Geometry
 ("C:\Users\rieme\AppData\Local\Programs\MiKTeX 2.9\tex/generic/iftex\ifvtex.sty"
Package: ifvtex 2019/10/25 v1.7 ifvtex legacy package. Use iftex instead.
 ("C:\Users\rieme\AppData\Local\Programs\MiKTeX 2.9\tex/generic/iftex\iftex.sty"
Package: iftex 2020/03/06 v1.0d TeX engine tests
))
\Gm@cnth=\count178
\Gm@cntv=\count179
\c@Gm@tempcnt=\count180
\Gm@bindingoffset=\dimen138
\Gm@wd@mp=\dimen139
\Gm@odd@mp=\dimen140
\Gm@even@mp=\dimen141
\Gm@layoutwidth=\dimen142
\Gm@layoutheight=\dimen143
\Gm@layouthoffset=\dimen144
\Gm@layoutvoffset=\dimen145
\Gm@dimlist=\toks16
 ("C:\Users\rieme\AppData\Local\Programs\MiKTeX 2.9\tex/latex/geometry\geometry.cfg")) ("C:\Users\rieme\AppData\Local\Programs\MiKTeX 2.9\tex/latex/graphics\graphicx.sty"
Package: graphicx 2020/09/09 v1.2b Enhanced LaTeX Graphics (DPC,SPQR)
 ("C:\Users\rieme\AppData\Local\Programs\MiKTeX 2.9\tex/latex/graphics\graphics.sty"
Package: graphics 2020/08/30 v1.4c Standard LaTeX Graphics (DPC,SPQR)
 ("C:\Users\rieme\AppData\Local\Programs\MiKTeX 2.9\tex/latex/graphics\trig.sty"
Package: trig 2016/01/03 v1.10 sin cos tan (DPC)
) ("C:\Users\rieme\AppData\Local\Programs\MiKTeX 2.9\tex/latex/graphics-cfg\graphics.cfg"
File: graphics.cfg 2016/06/04 v1.11 sample graphics configuration
)
Package graphics Info: Driver file: pdftex.def on input line 105.
 ("C:\Users\rieme\AppData\Local\Programs\MiKTeX 2.9\tex/latex/graphics-def\pdftex.def"
File: pdftex.def 2020/10/05 v1.2a Graphics/color driver for pdftex
))
\Gin@req@height=\dimen146
\Gin@req@width=\dimen147
) ("C:\Users\rieme\AppData\Local\Programs\MiKTeX 2.9\tex/latex/xcolor\xcolor.sty"
Package: xcolor 2016/05/11 v2.12 LaTeX color extensions (UK)
 ("C:\Users\rieme\AppData\Local\Programs\MiKTeX 2.9\tex/latex/graphics-cfg\color.cfg"
File: color.cfg 2016/01/02 v1.6 sample color configuration
)
Package xcolor Info: Driver file: pdftex.def on input line 225.
Package xcolor Info: Model `cmy' substituted by `cmy0' on input line 1348.
Package xcolor Info: Model `hsb' substituted by `rgb' on input line 1352.
Package xcolor Info: Model `RGB' extended on input line 1364.
Package xcolor Info: Model `HTML' substituted by `rgb' on input line 1366.
Package xcolor Info: Model `Hsb' substituted by `hsb' on input line 1367.
Package xcolor Info: Model `tHsb' substituted by `hsb' on input line 1368.
Package xcolor Info: Model `HSB' substituted by `hsb' on input line 1369.
Package xcolor Info: Model `Gray' substituted by `gray' on input line 1370.
Package xcolor Info: Model `wave' substituted by `hsb' on input line 1371.
) ("C:\Users\rieme\AppData\Local\Programs\MiKTeX 2.9\tex/latex/tools\calc.sty"
Package: calc 2017/05/25 v4.3 Infix arithmetic (KKT,FJ)
\calc@Acount=\count181
\calc@Bcount=\count182
\calc@Adimen=\dimen148
\calc@Bdimen=\dimen149
\calc@Askip=\skip52
\calc@Bskip=\skip53
LaTeX Info: Redefining \setlength on input line 80.
LaTeX Info: Redefining \addtolength on input line 81.
\calc@Ccount=\count183
\calc@Cskip=\skip54
) ("C:\Users\rieme\AppData\Local\Programs\MiKTeX 2.9\tex/latex/xifthen\xifthen.sty"
Package: xifthen 2015/11/05 v1.4.0 Extended ifthen features
 ("C:\Users\rieme\AppData\Local\Programs\MiKTeX 2.9\tex/latex/base\ifthen.sty"
Package: ifthen 2014/09/29 v1.1c Standard LaTeX ifthen package (DPC)
) ("C:\Users\rieme\AppData\Local\Programs\MiKTeX 2.9\tex/latex/ifmtarg\ifmtarg.sty"
Package: ifmtarg 2018/04/16 v1.2b check for an empty argument
)) ("C:\Users\rieme\AppData\Local\Programs\MiKTeX 2.9\tex/latex/base\fix-cm.sty"
Package: fix-cm 2015/01/14 v1.1t fixes to LaTeX
 ("C:\Users\rieme\AppData\Local\Programs\MiKTeX 2.9\tex/latex/base\ts1enc.def"
File: ts1enc.def 2001/06/05 v3.0e (jk/car/fm) Standard LaTeX file
LaTeX Font Info:    Redeclaring font encoding TS1 on input line 47.
)) ("C:\Users\rieme\AppData\Local\Programs\MiKTeX 2.9\tex/latex/translations\translations.sty"
Package: translations 2020/11/08 v1.9 internationalization of LaTeX2e packages (CN)
 ("C:\Users\rieme\AppData\Local\Programs\MiKTeX 2.9\tex/latex/etoolbox\etoolbox.sty"
Package: etoolbox 2020/10/05 v2.5k e-TeX tools for LaTeX (JAW)
\etb@tempcnta=\count184
) ("C:\Users\rieme\AppData\Local\Programs\MiKTeX 2.9\tex/generic/pdftexcmds\pdftexcmds.sty"
Package: pdftexcmds 2020-06-27 v0.33 Utility functions of pdfTeX for LuaTeX (HO)
 ("C:\Users\rieme\AppData\Local\Programs\MiKTeX 2.9\tex/generic/infwarerr\infwarerr.sty"
Package: infwarerr 2019/12/03 v1.5 Providing info/warning/error messages (HO)
) ("C:\Users\rieme\AppData\Local\Programs\MiKTeX 2.9\tex/generic/ltxcmds\ltxcmds.sty"
Package: ltxcmds 2020-05-10 v1.25 LaTeX kernel commands for general use (HO)
)
Package pdftexcmds Info: \pdf@primitive is available.
Package pdftexcmds Info: \pdf@ifprimitive is available.
Package pdftexcmds Info: \pdfdraftmode found.
)) ("C:\Users\rieme\AppData\Local\Programs\MiKTeX 2.9\tex/latex/lastpage\lastpage.sty"
Package: lastpage 2015/03/29 v1.2m Refers to last page's name (HMM; JPG)
) ("C:\Users\rieme\AppData\Local\Programs\MiKTeX 2.9\tex/latex/roboto\roboto.sty"
Package: roboto 2019/12/11 (Bob Tennent) Supports Roboto fonts for all LaTeX engines.
 ("C:\Users\rieme\AppData\Local\Programs\MiKTeX 2.9\tex/generic/iftex\ifxetex.sty"
Package: ifxetex 2019/10/25 v0.7 ifxetex legacy package. Use iftex instead.
) ("C:\Users\rieme\AppData\Local\Programs\MiKTeX 2.9\tex/generic/iftex\ifluatex.sty"
Package: ifluatex 2019/10/25 v1.5 ifluatex legacy package. Use iftex instead.
) ("C:\Users\rieme\AppData\Local\Programs\MiKTeX 2.9\tex/latex/xkeyval\xkeyval.sty"
Package: xkeyval 2020/11/20 v2.8 package option processing (HA)
 ("C:\Users\rieme\AppData\Local\Programs\MiKTeX 2.9\tex/generic/xkeyval\xkeyval.tex" ("C:\Users\rieme\AppData\Local\Programs\MiKTeX 2.9\tex/generic/xkeyval\xkvutils.tex"
\XKV@toks=\toks17
\XKV@tempa@toks=\toks18
)
\XKV@depth=\count185
File: xkeyval.tex 2014/12/03 v2.7a key=value parser (HA)
)) ("C:\Users\rieme\AppData\Local\Programs\MiKTeX 2.9\tex/latex/base\textcomp.sty"
Package: textcomp 2020/02/02 v2.0n Standard LaTeX package
) ("C:\Users\rieme\AppData\Local\Programs\MiKTeX 2.9\tex/latex/base\fontenc.sty"
Package: fontenc 2020/08/10 v2.0s Standard LaTeX package
) ("C:\Users\rieme\AppData\Local\Programs\MiKTeX 2.9\tex/latex/fontaxes\fontaxes.sty"
Package: fontaxes 2020/07/21 v1.0e Font selection axes
LaTeX Info: Redefining \upshape on input line 29.
LaTeX Info: Redefining \itshape on input line 31.
LaTeX Info: Redefining \slshape on input line 33.
LaTeX Info: Redefining \swshape on input line 35.
LaTeX Info: Redefining \scshape on input line 37.
LaTeX Info: Redefining \sscshape on input line 39.
LaTeX Info: Redefining \ulcshape on input line 41.
LaTeX Info: Redefining \textsw on input line 47.
LaTeX Info: Redefining \textssc on input line 48.
LaTeX Info: Redefining \textulc on input line 49.
))
Package scrkbase Info: You've told me to redefine the font selection of the
(scrkbase)             element `subject' that is an alias of element
(scrkbase)             `lettersubject' on input line 139.
Package scrkbase Info: You've told me to extend the font selection of the
(scrkbase)             element `subject' that is an alias of element
(scrkbase)             `lettersubject' on input line 303.
) ("C:\Users\rieme\AppData\Local\Programs\MiKTeX 2.9\tex/latex/base\inputenc.sty"
Package: inputenc 2020/08/01 v1.3d Input encoding file
\inpenc@prehook=\toks19
\inpenc@posthook=\toks20
) ("C:\Users\rieme\AppData\Local\Programs\MiKTeX 2.9\tex/latex/base\fontenc.sty"
Package: fontenc 2020/08/10 v2.0s Standard LaTeX package
LaTeX Font Info:    Trying to load font information for T1+Roboto-LF on input line 112.
 ("C:\Users\rieme\AppData\Local\Programs\MiKTeX 2.9\tex/latex/roboto\t1roboto-lf.fd"
File: T1Roboto-LF.fd 2019/12/11 (autoinst) Font definitions for T1/Roboto-LF.
)
LaTeX Font Info:    Font shape `T1/Roboto-LF/m/n' aliased to
(Font)              `T1/Roboto-LF/regular/n' on input line 112.
LaTeX Font Info:    Font shape `T1/Roboto-LF/regular/n' will be
(Font)              scaled to size 10.95pt on input line 112.
) ("C:\Users\rieme\AppData\Local\Programs\MiKTeX 2.9\tex/generic/babel\babel.sty"
Package: babel 2020/10/27 3.51 The Babel package
 ("C:\Users\rieme\AppData\Local\Programs\MiKTeX 2.9\tex/generic/babel\babel.def"
File: babel.def 2020/10/27 3.51 Babel common definitions
\babel@savecnt=\count186
\U@D=\dimen150
\l@babelnohyphens=\language79
 ("C:\Users\rieme\AppData\Local\Programs\MiKTeX 2.9\tex/generic/babel\txtbabel.def")
\bbl@readstream=\read2
)
\bbl@dirlevel=\count187

*************************************
* Local config file bblopts.cfg used
*
("C:\Users\rieme\AppData\Local\Programs\MiKTeX 2.9\tex/latex/arabi\bblopts.cfg"
File: bblopts.cfg 2005/09/08 v0.1 add Arabic and Farsi to "declared" options of babel
) ("C:\Users\rieme\AppData\Local\Programs\MiKTeX 2.9\tex/latex/babel-german\ngerman.ldf"
Language: ngerman 2020/07/21 v2.12 German support for babel (post-1996 orthography)
 ("C:\Users\rieme\AppData\Local\Programs\MiKTeX 2.9\tex/latex/babel-german\ngermanb.ldf"
Language: ngermanb 2020/07/21 v2.12 German support for babel (post-1996 orthography)
Package babel Info: Making " an active character on input line 121.
))) ("C:\Users\rieme\AppData\Local\Programs\MiKTeX 2.9\tex/latex/l3backend\l3backend-pdftex.def"
File: l3backend-pdftex.def 2020-09-24 L3 backend support: PDF output (pdfTeX)
\l__kernel_color_stack_int=\count188
\l__pdf_internal_box=\box47
) ("c:/Users\rieme\Documents\Universität\FSR\O-Phase 2021\Einladung_2021\Nominierung.aux")
\openout1 = `Nominierung.aux'.

LaTeX Font Info:    Checking defaults for OML/cmm/m/it on input line 24.
LaTeX Font Info:    ... okay on input line 24.
LaTeX Font Info:    Checking defaults for OMS/cmsy/m/n on input line 24.
LaTeX Font Info:    ... okay on input line 24.
LaTeX Font Info:    Checking defaults for OT1/cmr/m/n on input line 24.
LaTeX Font Info:    ... okay on input line 24.
LaTeX Font Info:    Checking defaults for T1/cmr/m/n on input line 24.
LaTeX Font Info:    ... okay on input line 24.
LaTeX Font Info:    Checking defaults for TS1/cmr/m/n on input line 24.
LaTeX Font Info:    ... okay on input line 24.
LaTeX Font Info:    Checking defaults for OMX/cmex/m/n on input line 24.
LaTeX Font Info:    ... okay on input line 24.
LaTeX Font Info:    Checking defaults for U/cmr/m/n on input line 24.
LaTeX Font Info:    ... okay on input line 24.
Class scrlttr2 Info: no date found for language `american'
(scrlttr2)           --> skipped on input line 24.
Class scrlttr2 Info: no date found for language `australian'
(scrlttr2)           --> skipped on input line 24.
Class scrlttr2 Info: no date found for language `british'
(scrlttr2)           --> skipped on input line 24.
Class scrlttr2 Info: no date found for language `canadian'
(scrlttr2)           --> skipped on input line 24.
Class scrlttr2 Info: no date found for language `newzealand'
(scrlttr2)           --> skipped on input line 24.
Class scrlttr2 Info: no date found for language `UKenglish'
(scrlttr2)           --> skipped on input line 24.
Class scrlttr2 Info: no date found for language `ukenglish'
(scrlttr2)           --> skipped on input line 24.
Class scrlttr2 Info: no date found for language `USenglish'
(scrlttr2)           --> skipped on input line 24.
Class scrlttr2 Info: no date found for language `usenglish'
(scrlttr2)           --> skipped on input line 24.
Package scrbase Info: activating ngerman \yourrefname on input line 24.
Package scrbase Info: activating ngerman \yourmailname on input line 24.
Package scrbase Info: activating ngerman \myrefname on input line 24.
Package scrbase Info: activating ngerman \customername on input line 24.
Package scrbase Info: activating ngerman \invoicename on input line 24.
Package scrbase Info: activating ngerman \subjectname on input line 24.
Package scrbase Info: activating ngerman \headfromname on input line 24.
Package scrbase Info: activating ngerman \datename on input line 24.
Package scrbase Info: activating ngerman \phonename on input line 24.
Package scrbase Info: activating ngerman \mobilephonename on input line 24.
Package scrbase Info: activating ngerman \faxname on input line 24.
Package scrbase Info: activating ngerman \emailname on input line 24.
Package scrbase Info: activating ngerman \wwwname on input line 24.
Package scrbase Info: activating ngerman \bankname on input line 24.
Class scrlttr2 Info: no date found for language `german'
(scrlttr2)           --> skipped on input line 24.
Class scrlttr2 Info: no date found for language `austrian'
(scrlttr2)           --> skipped on input line 24.
Class scrlttr2 Info: no date found for language `naustrian'
(scrlttr2)           --> skipped on input line 24.
Class scrlttr2 Info: no date found for language `swissgerman'
(scrlttr2)           --> skipped on input line 24.
Class scrlttr2 Info: no date found for language `nswissgerman'
(scrlttr2)           --> skipped on input line 24.
Class scrlttr2 Info: no date found for language `acadian'
(scrlttr2)           --> skipped on input line 24.
Class scrlttr2 Info: no date found for language `canadien'
(scrlttr2)           --> skipped on input line 24.
Class scrlttr2 Info: no date found for language `francais'
(scrlttr2)           --> skipped on input line 24.
Class scrlttr2 Info: no date found for language `french'
(scrlttr2)           --> skipped on input line 24.
Class scrlttr2 Info: no date found for language `italian'
(scrlttr2)           --> skipped on input line 24.
Class scrlttr2 Info: no date found for language `spanish'
(scrlttr2)           --> skipped on input line 24.
Class scrlttr2 Info: no date found for language `croatian'
(scrlttr2)           --> skipped on input line 24.
Class scrlttr2 Info: no date found for language `dutch'
(scrlttr2)           --> skipped on input line 24.
Class scrlttr2 Info: no date found for language `finnish'
(scrlttr2)           --> skipped on input line 24.
Class scrlttr2 Info: no date found for language `norsk'
(scrlttr2)           --> skipped on input line 24.
Class scrlttr2 Info: no date found for language `swedish'
(scrlttr2)           --> skipped on input line 24.
Class scrlttr2 Info: no date found for language `polish'
(scrlttr2)           --> skipped on input line 24.
Class scrlttr2 Info: no date found for language `czech'
(scrlttr2)           --> skipped on input line 24.
Class scrlttr2 Info: no date found for language `slovak'
(scrlttr2)           --> skipped on input line 24.
Class scrlttr2 Info: trying to activate captions and date
(scrlttr2)           of language `ngerman' on input line 24.
Class scrlttr2 Info: used language is `ngerman'.
(scrlttr2)           Supported languages are: `english', `UKenglish',
(scrlttr2)           `ukenglish', `british', `american', `USenglish',
(scrlttr2)           `usenglish', `australian`,`canadian', `newzealand',
(scrlttr2)           `german', `ngerman', `austrian', `naustrian',
(scrlttr2)           `swissgerman', `nswissgermsn',
(scrlttr2)           `acadian', `canadien', `francais', `french', 
(scrlttr2)           `dutch', `italian', `spanish', `polish',
(scrlttr2)           `croatian', `finnish', `norsk', `swedish',
(scrlttr2)           `czech', `slovak' on input line 24.

*geometry* driver: auto-detecting
*geometry* detected driver: pdftex
*geometry* verbose mode - [ preamble ] result:
* driver: pdftex
* paper: a4paper
* layout: <same size as paper>
* layoutoffset:(h,v)=(0.0pt,0.0pt)
* modes: includehead includefoot 
* h-part:(L,W,R)=(71.13188pt, 469.47049pt, 56.9055pt)
* v-part:(T,H,B)=(34.1433pt, 780.74362pt, 30.15993pt)
* \paperwidth=597.50793pt
* \paperheight=845.04694pt
* \textwidth=469.47049pt
* \textheight=666.92671pt
* \oddsidemargin=-1.1381pt
* \evensidemargin=-1.1381pt
* \topmargin=-38.1267pt
* \headheight=13.2pt
* \headsep=80.7pt
* \topskip=11.0pt
* \footskip=19.91692pt
* \marginparwidth=0.0pt
* \marginparsep=0.0pt
* \columnsep=0.0pt
* \skip\footins=10.0pt plus 4.0pt minus 2.0pt
* \hoffset=0.0pt
* \voffset=0.0pt
* \mag=1000
* \@twocolumnfalse
* \@twosidefalse
* \@mparswitchfalse
* \@reversemarginfalse
* (1in=72.27pt=25.4mm, 1cm=28.453pt)

("C:\Users\rieme\AppData\Local\Programs\MiKTeX 2.9\tex/context/base/mkii\supp-pdf.mkii"
[Loading MPS to PDF converter (version 2006.09.02).]
\scratchcounter=\count189
\scratchdimen=\dimen151
\scratchbox=\box48
\nofMPsegments=\count190
\nofMParguments=\count191
\everyMPshowfont=\toks21
\MPscratchCnt=\count192
\MPscratchDim=\dimen152
\MPnumerator=\count193
\makeMPintoPDFobject=\count194
\everyMPtoPDFconversion=\toks22
) ("C:\Users\rieme\AppData\Local\Programs\MiKTeX 2.9\tex/latex/epstopdf-pkg\epstopdf-base.sty"
Package: epstopdf-base 2020-01-24 v2.11 Base part for package epstopdf
 ("C:\Users\rieme\AppData\Local\Programs\MiKTeX 2.9\tex/latex/grfext\grfext.sty"
Package: grfext 2019/12/03 v1.3 Manage graphics extensions (HO)
 ("C:\Users\rieme\AppData\Local\Programs\MiKTeX 2.9\tex/generic/kvdefinekeys\kvdefinekeys.sty"
Package: kvdefinekeys 2019-12-19 v1.6 Define keys (HO)
)) ("C:\Users\rieme\AppData\Local\Programs\MiKTeX 2.9\tex/latex/kvoptions\kvoptions.sty"
Package: kvoptions 2020-10-07 v3.14 Key value format for package options (HO)
 ("C:\Users\rieme\AppData\Local\Programs\MiKTeX 2.9\tex/generic/kvsetkeys\kvsetkeys.sty"
Package: kvsetkeys 2019/12/15 v1.18 Key value parser (HO)
))
Package epstopdf-base Info: Redefining graphics rule for `.eps' on input line 485.
Package grfext Info: Graphics extension search list:
(grfext)             [.pdf,.png,.jpg,.mps,.jpeg,.jbig2,.jb2,.PDF,.PNG,.JPG,.JPEG,.JBIG2,.JB2,.eps]
(grfext)             \AppendGraphicsExtensions on input line 504.
) ("C:\Users\rieme\AppData\Local\Programs\MiKTeX 2.9\tex/latex/translations/dicts\translations-basic-dictionary-german.trsl"
File: translations-basic-dictionary-german.trsl (german translation file `translations-basic-dictionary')
)
Package translations Info: loading dictionary `translations-basic-dictionary' for `german'. on input line 24.
Package lastpage Info: Please have a look at the pageslts package at
(lastpage)             https://www.ctan.org/pkg/pageslts
(lastpage)             ! on input line 24.
\c@mv@tabular=\count195
\c@mv@boldtabular=\count196

Foldmarks: yes
Head of first page
<tuc2019/logo/tuc_green.pdf, id=1, 398.78885pt x 200.58922pt>
File: tuc2019/logo/tuc_green.pdf Graphic file (type pdf)
<use tuc2019/logo/tuc_green.pdf>
Package pdftex.def Info: tuc2019/logo/tuc_green.pdf  used on input line 29.
(pdftex.def)             Requested size: 133.72795pt x 67.26283pt.
LaTeX Font Info:    Font shape `T1/Roboto-LF/sb/n' aliased to
(Font)              `T1/Roboto-LF/medium/n' on input line 29.
LaTeX Font Info:    Font shape `T1/Roboto-LF/medium/n' will be
(Font)              scaled to size 10.95pt on input line 29.
LaTeX Font Info:    Font shape `T1/Roboto-LF/sb/n' aliased to
(Font)              `T1/Roboto-LF/medium/n' on input line 29.
LaTeX Font Info:    Font shape `T1/Roboto-LF/medium/n' will be
(Font)              scaled to size 12.0pt on input line 29.
LaTeX Font Info:    Font shape `T1/Roboto-LF/m/n' aliased to
(Font)              `T1/Roboto-LF/regular/n' on input line 29.
LaTeX Font Info:    Font shape `T1/Roboto-LF/regular/n' will be
(Font)              scaled to size 12.0pt on input line 29.
File: tuc2019/logo/tuc_green.pdf Graphic file (type pdf)
<use tuc2019/logo/tuc_green.pdf>
Package pdftex.def Info: tuc2019/logo/tuc_green.pdf  used on input line 29.
(pdftex.def)             Requested size: 133.72795pt x 67.26283pt.
Foot of first page
LaTeX Font Info:    Font shape `T1/Roboto-LF/m/n' aliased to
(Font)              `T1/Roboto-LF/regular/n' on input line 29.
LaTeX Font Info:    Font shape `T1/Roboto-LF/regular/n' will be
(Font)              scaled to size 8.0pt on input line 29.
\footlines=\box32767 (local)
LaTeX Font Info:    External font `cmex10' loaded for size
(Font)              <8> on input line 29.
LaTeX Font Info:    External font `cmex10' loaded for size
(Font)              <6> on input line 29.
LaTeX Font Info:    External font `cmex10' loaded for size
(Font)              <5> on input line 29.
<logo.pdf, id=2, 1580.68044pt x 520.49529pt>
File: logo.pdf Graphic file (type pdf)
<use logo.pdf>
Package pdftex.def Info: logo.pdf  used on input line 29.
(pdftex.def)             Requested size: 151.08273pt x 49.74936pt.
Address (backaddress, addressee)
LaTeX Font Info:    Font shape `T1/Roboto-LF/m/n' aliased to
(Font)              `T1/Roboto-LF/regular/n' on input line 29.
LaTeX Font Info:    Font shape `T1/Roboto-LF/regular/n' will be
(Font)              scaled to size 11.0pt on input line 29.
Location field: yes
Title: no
Subject: before opening
LaTeX Font Info:    Font shape `T1/Roboto-LF/b/n' aliased to
(Font)              `T1/Roboto-LF/bold/n' on input line 29.
LaTeX Font Info:    Font shape `T1/Roboto-LF/bold/n' will be
(Font)              scaled to size 10.95pt on input line 29.
LaTeX Font Info:    Font shape `T1/Roboto-LF/b/n' aliased to
(Font)              `T1/Roboto-LF/bold/n' on input line 29.
LaTeX Font Info:    Font shape `T1/Roboto-LF/bold/n' will be
(Font)              scaled to size 11.0pt on input line 29.
[1



{C:/Users/rieme/AppData/Local/MiKTeX/2.9/pdftex/config/pdftex.map} <c:/Users/rieme/Documents/Universität/FSR/O-Phase 2021/Einladung_2021/tuc2019/logo/tuc_green.pdf> <c:/Users/rieme/Documents/Universität/FSR/O-Phase 2021/Einladung_2021/logo.pdf

pdfTeX warning: pdflatex (file c:/Users/rieme/Documents/Universität/FSR/O-Phase 2021/Einladung_2021/logo.pdf): PDF inclusion: multiple pdfs with page group included in a single page
>] 
AED: lastpage setting LastPage
("c:/Users\rieme\Documents\Universität\FSR\O-Phase 2021\Einladung_2021\Nominierung.aux") ) 
Here is how much of TeX's memory you used:
 7849 strings out of 479799
 148100 string characters out of 2867786
 512891 words of memory out of 3000000
 24694 multiletter control sequences out of 15000+200000
 576970 words of font info for 48 fonts, out of 3000000 for 9000
 1141 hyphenation exceptions out of 8191
 119i,13n,124p,1459b,480s stack positions out of 5000i,500n,10000p,200000b,50000s
{C:/Users/rieme/AppData/Local/Programs/MiKTeX 2.9/fonts/enc/dvips/roboto/rbto_b5rac7.enc}<C:/Users/rieme/AppData/Local/Programs/MiKTeX 2.9/fonts/type1/google/roboto/Roboto-Bold.pfb><C:/Users/rieme/AppData/Local/Programs/MiKTeX 2.9/fonts/type1/google/roboto/Roboto-Medium.pfb><C:/Users/rieme/AppData/Local/Programs/MiKTeX 2.9/fonts/type1/google/roboto/Roboto-Regular.pfb><C:/Users/rieme/AppData/Local/Programs/MiKTeX 2.9/fonts/type1/public/amsfonts/cm/cmsy8.pfb>
Output written on "c:/Users\rieme\Documents\Universität\FSR\O-Phase 2021\Einladung_2021\Nominierung.pdf" (1 page, 99990 bytes).
PDF statistics:
 31 PDF objects out of 1000 (max. 8388607)
 0 named destinations out of 1000 (max. 500000)
 11 words of extra memory for PDF output out of 10000 (max. 10000000)

